MG_lachic_1-total=814-20211216.zip
MG_cp_1-total=754-20211216.zip
MG_cp_2-total=932-20211216.zip
MG_isetan_mistore_shinjuku3_1-total=935-20211216.zip
MG_isetan_mistore_shinjuku3_2-total=934-20211216.zip
MG_isetan_mistore_shinjuku3_3-total=946-20211216.zip
MG_isetan_mistore_shinjuku2_1-total=925-20211216.zip
MG_isetan_mistore_shinjuku2_2-total=828-20211216.zip
MG_isetan_mistore_shinjuku1_1-total=936-20211216.zip
MG_isetan_mistore_shinjuku1_2-total=954-20211216.zip
MG_isetan_mistore_shinjuku1_3-total=984-20211216.zip
MG_isetan_mistore_kyoto_1-total=983-20211216.zip
MG_isetan_mistore_niigata_1-total=738-20211216.zip
MG_isetan_mistore_urawa_1-total=982-20211216.zip
MG_isetan_mistore_shinjuku_1-total=951-20211216.zip
MG_isetan_mistore_shinjuku_3-total=243-20211216.zip
MG_mitsukoshi_stg_1-total=665-20211216.zip
MG_mitsukoshi_mistore_ginza1_1-total=974-20211216.zip
MG_mitsukoshi_mistore_nihombashi1_1-total=994-20211216.zip
MG_mitsukoshi_mistore_nihombashi1_2-total=803-20211216.zip
MG_mitsukoshi_mistore_nagoya_1-total=958-20211216.zip
MG_mitsukoshi_mistore_matsuyama_1-total=742-20211216.zip
MG_mitsukoshi_mistore_sendai_1-total=934-20211216.zip
MG_mitsukoshi_mistore_ginza_1-total=975-20211216.zip
MG_mitsukoshi_mistore_nihombashi_1-total=994-20211216.zip
MG_mitsukoshi_mistore_nihombashi_2-total=611-20211216.zip
