/etc/packages/shell_upload/MG_lachic_1-total=814-1.0.zip
/etc/packages/shell_upload/MG_cp_1-total=754-1.0.zip
/etc/packages/shell_upload/MG_cp_2-total=932-1.0.zip
/etc/packages/shell_upload/MG_isetan_common_1-total=987-1.0.zip
/etc/packages/shell_upload/MG_isetan_mistore_shinjuku3_1-total=935-1.0.zip
/etc/packages/shell_upload/MG_isetan_mistore_shinjuku3_2-total=934-1.0.zip
/etc/packages/shell_upload/MG_isetan_mistore_shinjuku3_3-total=946-1.0.zip
/etc/packages/shell_upload/MG_isetan_mistore_shinjuku2_1-total=925-1.0.zip
/etc/packages/shell_upload/MG_isetan_mistore_shinjuku2_2-total=828-1.0.zip
/etc/packages/shell_upload/MG_isetan_mistore_shinjuku1_1-total=936-1.0.zip
/etc/packages/shell_upload/MG_isetan_mistore_shinjuku1_2-total=954-1.0.zip
/etc/packages/shell_upload/MG_isetan_mistore_shinjuku1_3-total=984-1.0.zip
/etc/packages/shell_upload/MG_isetan_mistore_kyoto_1-total=983-1.0.zip
/etc/packages/shell_upload/MG_isetan_mistore_niigata_1-total=738-1.0.zip
/etc/packages/shell_upload/MG_isetan_mistore_urawa_1-total=982-1.0.zip
/etc/packages/shell_upload/MG_isetan_mistore_shinjuku_1-total=951-1.0.zip
/etc/packages/shell_upload/MG_isetan_mistore_shinjuku_2-total=940-1.0.zip
/etc/packages/shell_upload/MG_isetan_mistore_shinjuku_3-total=243-1.0.zip
/etc/packages/shell_upload/MG_mitsukoshi_stg_1-total=665-1.0.zip
/etc/packages/shell_upload/MG_mitsukoshi_mistore_ginza1_1-total=974-1.0.zip
/etc/packages/shell_upload/MG_mitsukoshi_mistore_nihombashi1_1-total=994-1.0.zip
/etc/packages/shell_upload/MG_mitsukoshi_mistore_nihombashi1_2-total=803-1.0.zip
/etc/packages/shell_upload/MG_mitsukoshi_mistore_nagoya_1-total=958-1.0.zip
/etc/packages/shell_upload/MG_mitsukoshi_mistore_matsuyama_1-total=742-1.0.zip
/etc/packages/shell_upload/MG_mitsukoshi_mistore_sendai_1-total=934-1.0.zip
/etc/packages/shell_upload/MG_mitsukoshi_mistore_ginza_1-total=975-1.0.zip
/etc/packages/shell_upload/MG_mitsukoshi_mistore_nihombashi_1-total=994-1.0.zip
/etc/packages/shell_upload/MG_mitsukoshi_mistore_nihombashi_2-total=611-1.0.zip
